<?xml version="1.0" encoding="UTF-8"?>
<testng-results skipped="0" failed="0" ignored="0" total="1" passed="1">
  <reporter-output>
  </reporter-output>
  <suite name="Default suite" duration-ms="47332" started-at="2021-01-16T16:00:42 IST" finished-at="2021-01-16T16:01:30 IST">
    <groups>
    </groups>
    <test name="Default test" duration-ms="47332" started-at="2021-01-16T16:00:42 IST" finished-at="2021-01-16T16:01:30 IST">
      <class name="cart_functionality">
        <test-method status="PASS" signature="Login()[pri:0, instance:cart_functionality@5a1c0542]" name="Login" duration-ms="47295" started-at="2021-01-16T16:00:42 IST" finished-at="2021-01-16T16:01:29 IST">
          <reporter-output>
          </reporter-output>
        </test-method> <!-- Login -->
      </class> <!-- cart_functionality -->
    </test> <!-- Default test -->
  </suite> <!-- Default suite -->
</testng-results>
